Library/Bee/Android/Prj/Mono2x/Gradle/unityLibrary/build/intermediates/manifest_merge_blame_file/release/manifest-merger-blame-release-report.txt
1<?xml version="1.0" encoding="utf-8"?>
2<manifest xmlns:android="http://schemas.android.com/apk/res/android"
3    xmlns:tools="http://schemas.android.com/tools"
4    package="com.unity3d.player"
5    android:installLocation="auto"
6    android:versionCode="1"
7    android:versionName="0.1" >
8
9    <uses-sdk
10        android:minSdkVersion="23"
10-->src\main\AndroidManifest.xml
11        android:targetSdkVersion="32" />
11-->src\main\AndroidManifest.xml
12
13    <uses-feature android:glEsVersion="0x00030000" />
13-->src\main\AndroidManifest.xml:26:3-52
13-->src\main\AndroidManifest.xml:26:17-49
14    <uses-feature
14-->src\main\AndroidManifest.xml:27:3-91
15        android:name="android.hardware.vulkan.version"
15-->src\main\AndroidManifest.xml:27:17-63
16        android:required="false" />
16-->src\main\AndroidManifest.xml:27:64-88
17
18    <uses-permission android:name="android.permission.INTERNET" />
18-->src\main\AndroidManifest.xml:28:3-65
18-->src\main\AndroidManifest.xml:28:20-62
19    <uses-permission android:name="android.permission.ACCESS_NETWORK_STATE" />
19-->src\main\AndroidManifest.xml:29:3-77
19-->src\main\AndroidManifest.xml:29:20-74
20    <uses-permission android:name="android.permission.RECORD_AUDIO" />
20-->src\main\AndroidManifest.xml:30:3-69
20-->src\main\AndroidManifest.xml:30:20-66
21    <uses-permission android:name="android.permission.MODIFY_AUDIO_SETTINGS" />
21-->src\main\AndroidManifest.xml:31:3-78
21-->src\main\AndroidManifest.xml:31:20-75
22
23    <uses-feature
23-->src\main\AndroidManifest.xml:32:3-87
24        android:name="android.hardware.microphone"
24-->src\main\AndroidManifest.xml:32:17-59
25        android:required="false" />
25-->src\main\AndroidManifest.xml:32:60-84
26    <uses-feature
26-->src\main\AndroidManifest.xml:33:3-88
27        android:name="android.hardware.touchscreen"
27-->src\main\AndroidManifest.xml:33:17-60
28        android:required="false" />
28-->src\main\AndroidManifest.xml:33:61-85
29    <uses-feature
29-->src\main\AndroidManifest.xml:34:3-99
30        android:name="android.hardware.touchscreen.multitouch"
30-->src\main\AndroidManifest.xml:34:17-71
31        android:required="false" />
31-->src\main\AndroidManifest.xml:34:72-96
32    <uses-feature
32-->src\main\AndroidManifest.xml:35:3-108
33        android:name="android.hardware.touchscreen.multitouch.distinct"
33-->src\main\AndroidManifest.xml:35:17-80
34        android:required="false" />
34-->src\main\AndroidManifest.xml:35:81-105
35    <uses-feature
35-->src\main\AndroidManifest.xml:36:3-111
36        android:name="android.hardware.vr.headtracking"
36-->src\main\AndroidManifest.xml:36:17-64
37        android:required="true"
37-->src\main\AndroidManifest.xml:36:85-108
38        android:version="1" />
38-->src\main\AndroidManifest.xml:36:65-84
39    <uses-feature
39-->src\main\AndroidManifest.xml:37:3-88
40        android:name="oculus.software.handtracking"
40-->src\main\AndroidManifest.xml:37:17-60
41        android:required="false" />
41-->src\main\AndroidManifest.xml:37:61-85
42
43    <uses-permission android:name="com.oculus.permission.HAND_TRACKING" />
43-->src\main\AndroidManifest.xml:38:3-73
43-->src\main\AndroidManifest.xml:38:20-70
44
45    <application
45-->src\main\AndroidManifest.xml:3:3-25:17
46        android:allowBackup="false"
46-->src\main\AndroidManifest.xml:3:114-141
47        android:extractNativeLibs="true"
47-->src\main\AndroidManifest.xml:3:16-48
48        android:icon="@mipmap/app_icon"
48-->src\main\AndroidManifest.xml:3:82-113
49        android:label="@string/app_name"
49-->src\main\AndroidManifest.xml:3:49-81
50        android:networkSecurityConfig="@xml/network_sec_config" >
50-->src\main\AndroidManifest.xml:3:142-197
51        <activity
51-->src\main\AndroidManifest.xml:4:5-13:16
52            android:name="com.unity3d.player.UnityPlayerActivity"
52-->src\main\AndroidManifest.xml:4:15-68
53            android:configChanges="keyboard|keyboardHidden|navigation|orientation|screenLayout|screenSize|uiMode"
53-->src\main\AndroidManifest.xml:4:204-305
54            android:exported="true"
54-->src\main\AndroidManifest.xml:4:377-400
55            android:hardwareAccelerated="false"
55-->src\main\AndroidManifest.xml:4:341-376
56            android:launchMode="singleTask"
56-->src\main\AndroidManifest.xml:4:172-203
57            android:resizeableActivity="false"
57-->src\main\AndroidManifest.xml:4:306-340
58            android:screenOrientation="landscape"
58-->src\main\AndroidManifest.xml:4:134-171
59            android:theme="@android:style/Theme.Black.NoTitleBar.Fullscreen" >
59-->src\main\AndroidManifest.xml:4:69-133
60            <intent-filter>
60-->src\main\AndroidManifest.xml:5:7-9:23
61                <action android:name="android.intent.action.MAIN" />
61-->src\main\AndroidManifest.xml:6:9-61
61-->src\main\AndroidManifest.xml:6:17-58
62
63                <category android:name="android.intent.category.LAUNCHER" />
63-->src\main\AndroidManifest.xml:7:9-69
63-->src\main\AndroidManifest.xml:7:19-66
64                <category android:name="com.oculus.intent.category.VR" />
64-->src\main\AndroidManifest.xml:8:9-66
64-->src\main\AndroidManifest.xml:8:19-63
65            </intent-filter>
66
67            <meta-data
67-->src\main\AndroidManifest.xml:10:7-82
68                android:name="unityplayer.UnityActivity"
68-->src\main\AndroidManifest.xml:10:18-58
69                android:value="true" />
69-->src\main\AndroidManifest.xml:10:59-79
70            <meta-data
70-->src\main\AndroidManifest.xml:11:7-78
71                android:name="android.notch_support"
71-->src\main\AndroidManifest.xml:11:18-54
72                android:value="true" />
72-->src\main\AndroidManifest.xml:11:55-75
73            <meta-data
73-->src\main\AndroidManifest.xml:12:7-81
74                android:name="com.oculus.vr.focusaware"
74-->src\main\AndroidManifest.xml:12:18-57
75                android:value="true" />
75-->src\main\AndroidManifest.xml:12:58-78
76        </activity>
77
78        <meta-data
78-->src\main\AndroidManifest.xml:14:5-69
79            android:name="unity.splash-mode"
79-->src\main\AndroidManifest.xml:14:16-48
80            android:value="0" />
80-->src\main\AndroidManifest.xml:14:49-66
81        <meta-data
81-->src\main\AndroidManifest.xml:15:5-74
82            android:name="unity.splash-enable"
82-->src\main\AndroidManifest.xml:15:16-50
83            android:value="True" />
83-->src\main\AndroidManifest.xml:15:51-71
84        <meta-data
84-->src\main\AndroidManifest.xml:16:5-78
85            android:name="unity.launch-fullscreen"
85-->src\main\AndroidManifest.xml:16:16-54
86            android:value="True" />
86-->src\main\AndroidManifest.xml:16:55-75
87        <meta-data
87-->src\main\AndroidManifest.xml:17:5-84
88            android:name="unity.allow-resizable-window"
88-->src\main\AndroidManifest.xml:17:16-59
89            android:value="False" />
89-->src\main\AndroidManifest.xml:17:60-81
90        <meta-data
90-->src\main\AndroidManifest.xml:18:5-81
91            android:name="notch.config"
91-->src\main\AndroidManifest.xml:18:16-43
92            android:value="portrait|landscape" />
92-->src\main\AndroidManifest.xml:18:44-78
93        <meta-data
93-->src\main\AndroidManifest.xml:19:5-87
94            android:name="com.oculus.handtracking.frequency"
94-->src\main\AndroidManifest.xml:19:16-64
95            android:value="LOW" />
95-->src\main\AndroidManifest.xml:19:65-84
96        <meta-data
96-->src\main\AndroidManifest.xml:20:5-97
97            android:name="com.samsung.android.vr.application.mode"
97-->src\main\AndroidManifest.xml:20:16-70
98            android:value="vr_only" />
98-->src\main\AndroidManifest.xml:20:71-94
99        <meta-data
99-->src\main\AndroidManifest.xml:21:5-91
100            android:name="com.unity.xr.oculus.LowOverheadMode"
100-->src\main\AndroidManifest.xml:21:16-66
101            android:value="false" />
101-->src\main\AndroidManifest.xml:21:67-88
102        <meta-data
102-->src\main\AndroidManifest.xml:22:5-88
103            android:name="com.unity.xr.oculus.LateLatching"
103-->src\main\AndroidManifest.xml:22:16-63
104            android:value="false" />
104-->src\main\AndroidManifest.xml:22:64-85
105        <meta-data
105-->src\main\AndroidManifest.xml:23:5-93
106            android:name="com.unity.xr.oculus.LateLatchingDebug"
106-->src\main\AndroidManifest.xml:23:16-68
107            android:value="false" />
107-->src\main\AndroidManifest.xml:23:69-90
108        <meta-data
108-->src\main\AndroidManifest.xml:24:5-83
109            android:name="com.oculus.supportedDevices"
109-->src\main\AndroidManifest.xml:24:16-58
110            android:value="quest" />
110-->src\main\AndroidManifest.xml:24:59-80
111    </application>
112
113</manifest>